*** Using Compiler 'V5.05 update 1 (build 106)', folder: 'E:\Keil5\ARM\ARMCC\Bin'
Build target '6-HMI'
assembling startup_stm32f405xx.s...
compiling main.c...
compiling gpio.c...
compiling can.c...
compiling tim.c...
compiling usart.c...
compiling stm32f4xx_it.c...
compiling stm32f4xx_hal_msp.c...
compiling stm32f4xx_hal_can.c...
compiling stm32f4xx_hal_rcc.c...
compiling stm32f4xx_hal_rcc_ex.c...
compiling stm32f4xx_hal_flash.c...
compiling stm32f4xx_hal_flash_ex.c...
compiling stm32f4xx_hal_flash_ramfunc.c...
compiling stm32f4xx_hal_gpio.c...
compiling stm32f4xx_hal_dma_ex.c...
compiling stm32f4xx_hal_dma.c...
compiling stm32f4xx_hal_pwr.c...
compiling stm32f4xx_hal_pwr_ex.c...
compiling stm32f4xx_hal_cortex.c...
compiling stm32f4xx_hal.c...
compiling stm32f4xx_hal_exti.c...
compiling stm32f4xx_hal_tim.c...
compiling stm32f4xx_hal_tim_ex.c...
compiling stm32f4xx_hal_uart.c...
compiling system_stm32f4xx.c...
compiling motor.c...
compiling Screen.c...
..\User\Screen.c(11): warning:  #177-D: variable "ctrl_msg" was declared but never referenced
        uint8 ctrl_msg = msg->ctrl_msg;
..\User\Screen.c(15): warning:  #177-D: variable "value" was declared but never referenced
        uint32 value = PTR2U32(msg->param);
..\User\Screen.c: 2 warnings, 0 errors
compiling cmd_queue.c...
compiling hmi_driver.c...
compiling debug.c...
linking...
Program Size: Code=17320 RO-data=512 RW-data=100 ZI-data=2748  
FromELF: creating hex file...
"6-HMI\6-HMI.axf" - 0 Error(s), 2 Warning(s).
