2025-08-22 09:46:13,074 [INFO] Activator:176 - 


2025-08-22 09:46:13,079 [INFO] Activator:177 - !SESSION log4j initialized
2025-08-22 09:46:19,021 [INFO] LogOutputStream:77 - [STDOUT_REDIRECT] 
2025-08-22 09:46:22,326 [INFO] ApplicationProperties:184 - Using Application install path: E:\CUBIDE\STM32CubeIDE_1.19.0\STM32CubeIDE\plugins\com.st.stm32cube.common.mx_6.15.0.202507011659
2025-08-22 09:46:22,347 [INFO] DbMcusXml:78 - Set database path to: E:\CUBIDE\STM32CubeIDE_1.19.0\STM32CubeIDE\plugins\com.st.stm32cube.common.mx_6.15.0.202507011659\\db\/mcu/
2025-08-22 09:46:22,347 [INFO] ApiDb:274 - Set plugin database path to: E:\CUBIDE\STM32CubeIDE_1.19.0\STM32CubeIDE\plugins\com.st.stm32cube.common.mx_6.15.0.202507011659\\db\/plugins/boardmanager/
2025-08-22 09:46:22,348 [WARN] ApiDb:259 - Overriding images path with different value:  => E:\CUBIDE\STM32CubeIDE_1.19.0\STM32CubeIDE\plugins\com.st.stm32cube.common.mx_6.15.0.202507011659\\db\/plugins/mcufinder/images/
2025-08-22 09:46:22,356 [INFO] ApiDb:250 - Set database path to: C:\Users\12698\.stmcufinder\plugins\mcufinder//mcu/
2025-08-22 09:46:22,357 [INFO] DbMcusAds:125 - Set database path to: C:\Users\12698\.stmcufinder\plugins\mcufinder//mcu/
2025-08-22 09:46:22,360 [INFO] CrossReferenceDbSqlite:203 - Set database path to: C:\Users\12698\.stmcufinder\plugins\mcufinder//mcu/cs/
2025-08-22 09:46:22,476 [INFO] RulesReader:64 - Compatibility file has been processed (317 Rules)
2025-08-22 09:46:22,565 [INFO] DbMcusXml:78 - Set database path to: E:\CUBIDE\STM32CubeIDE_1.19.0\STM32CubeIDE\plugins\com.st.stm32cube.common.mx_6.15.0.202507011659\\db\/mcu/
2025-08-22 09:46:22,565 [INFO] ApiDb:274 - Set plugin database path to: E:\CUBIDE\STM32CubeIDE_1.19.0\STM32CubeIDE\plugins\com.st.stm32cube.common.mx_6.15.0.202507011659\\db\/plugins/boardmanager/
2025-08-22 09:46:22,566 [INFO] ApiDb:261 - Set plugin images path to: E:\CUBIDE\STM32CubeIDE_1.19.0\STM32CubeIDE\plugins\com.st.stm32cube.common.mx_6.15.0.202507011659\\db\/plugins/mcufinder/images/
2025-08-22 09:46:22,566 [WARN] DbFile:41 - Overriding database path with different value: C:\Users\12698\.stmcufinder\plugins\mcufinder/ => C:\Users\12698\.stmcufinder\plugins\mcufinder
2025-08-22 09:46:22,566 [INFO] ApiDb:250 - Set database path to: C:\Users\12698\.stmcufinder\plugins\mcufinder//mcu/
2025-08-22 09:46:22,566 [WARN] DbFile:41 - Overriding database path with different value: C:\Users\12698\.stmcufinder\plugins\mcufinder/ => C:\Users\12698\.stmcufinder\plugins\mcufinder
2025-08-22 09:46:22,566 [INFO] DbMcusAds:125 - Set database path to: C:\Users\12698\.stmcufinder\plugins\mcufinder//mcu/
2025-08-22 09:46:22,566 [WARN] DbFile:41 - Overriding database path with different value: C:\Users\12698\.stmcufinder\plugins\mcufinder/ => C:\Users\12698\.stmcufinder\plugins\mcufinder
2025-08-22 09:46:22,566 [WARN] DbFile:41 - Overriding database path with different value: C:\Users\12698\.stmcufinder\plugins\mcufinder/ => C:\Users\12698\.stmcufinder\plugins\mcufinder
2025-08-22 09:46:22,566 [INFO] CrossReferenceDbSqlite:203 - Set database path to: C:\Users\12698\.stmcufinder\plugins\mcufinder//mcu/cs/
2025-08-22 09:46:22,645 [INFO] MainPanel:274 - HeapMemory: 268435456
2025-08-22 09:46:22,759 [INFO] DbMcusXml:78 - Set database path to: E:\CUBIDE\STM32CubeIDE_1.19.0\STM32CubeIDE\plugins\com.st.stm32cube.common.mx_6.15.0.202507011659\\db\/mcu/
2025-08-22 09:46:22,759 [INFO] ApiDb:274 - Set plugin database path to: E:\CUBIDE\STM32CubeIDE_1.19.0\STM32CubeIDE\plugins\com.st.stm32cube.common.mx_6.15.0.202507011659\\db\/plugins/boardmanager/
2025-08-22 09:46:22,759 [INFO] ApiDb:261 - Set plugin images path to: E:\CUBIDE\STM32CubeIDE_1.19.0\STM32CubeIDE\plugins\com.st.stm32cube.common.mx_6.15.0.202507011659\\db\/plugins/mcufinder/images/
2025-08-22 09:46:22,760 [WARN] DbFile:41 - Overriding database path with different value: C:\Users\12698\.stmcufinder\plugins\mcufinder/ => C:\Users\12698\.stmcufinder\plugins\mcufinder
2025-08-22 09:46:22,760 [INFO] ApiDb:250 - Set database path to: C:\Users\12698\.stmcufinder\plugins\mcufinder//mcu/
2025-08-22 09:46:22,760 [WARN] DbFile:41 - Overriding database path with different value: C:\Users\12698\.stmcufinder\plugins\mcufinder/ => C:\Users\12698\.stmcufinder\plugins\mcufinder
2025-08-22 09:46:22,760 [INFO] DbMcusAds:125 - Set database path to: C:\Users\12698\.stmcufinder\plugins\mcufinder//mcu/
2025-08-22 09:46:22,760 [WARN] DbFile:41 - Overriding database path with different value: C:\Users\12698\.stmcufinder\plugins\mcufinder/ => C:\Users\12698\.stmcufinder\plugins\mcufinder
2025-08-22 09:46:22,760 [WARN] DbFile:41 - Overriding database path with different value: C:\Users\12698\.stmcufinder\plugins\mcufinder/ => C:\Users\12698\.stmcufinder\plugins\mcufinder
2025-08-22 09:46:22,760 [INFO] CrossReferenceDbSqlite:203 - Set database path to: C:\Users\12698\.stmcufinder\plugins\mcufinder//mcu/cs/
2025-08-22 09:46:22,781 [INFO] ApplicationProperties:184 - Using Application install path: E:\CUBIDE\STM32CubeIDE_1.19.0\STM32CubeIDE\plugins\com.st.stm32cube.common.mx_6.15.0.202507011659
2025-08-22 09:46:22,783 [INFO] PluginManage:196 - Search for loadable plugins [exclusion list=, ]
2025-08-22 09:46:22,784 [INFO] PluginManage:310 - Check plugin analytics
2025-08-22 09:46:22,973 [INFO] AnalyticsPlugin:253 - Accepted Software Licenses: STM32CubeMX.6.14.0
2025-08-22 09:46:22,973 [INFO] AnalyticsPlugin:255 - Accepted CMSIS Pack Licenses: 
2025-08-22 09:46:22,973 [INFO] AnalyticsPlugin:257 - Accepted Firmware Licenses: FW.F4.1.28.0
2025-08-22 09:46:22,976 [INFO] PluginManage:359 - Loaded plugin analytics (category:tool,tabindex:-1)
2025-08-22 09:46:22,976 [INFO] PluginManage:310 - Check plugin cadmodel
2025-08-22 09:46:22,982 [INFO] CADModel:105 - Init CAD model plugin
2025-08-22 09:46:22,982 [INFO] PluginManage:359 - Loaded plugin cadmodel (category:power,tabindex:5)
2025-08-22 09:46:22,982 [INFO] PluginManage:310 - Check plugin clock
2025-08-22 09:46:22,993 [INFO] PluginManage:359 - Loaded plugin clock (category:base,tabindex:2)
2025-08-22 09:46:22,994 [INFO] PluginManage:310 - Check plugin ddr
2025-08-22 09:46:22,996 [INFO] PluginManage:359 - Loaded plugin ddr (category:tool,tabindex:6)
2025-08-22 09:46:22,997 [INFO] PluginManage:310 - Check plugin filemanager
2025-08-22 09:46:23,165 [INFO] PluginManage:359 - Loaded plugin filemanager (category:base,tabindex:10)
2025-08-22 09:46:23,165 [INFO] PluginManage:310 - Check plugin ipmanager
2025-08-22 09:46:23,171 [INFO] PluginManage:359 - Loaded plugin ipmanager (category:base,tabindex:5)
2025-08-22 09:46:23,172 [INFO] PluginManage:310 - Check plugin lpbam
2025-08-22 09:46:23,181 [INFO] PluginManage:359 - Loaded plugin lpbam (category:base,tabindex:0)
2025-08-22 09:46:23,182 [INFO] PluginManage:310 - Check plugin memorymap
2025-08-22 09:46:23,197 [INFO] PluginManage:359 - Loaded plugin memorymap (category:base,tabindex:4)
2025-08-22 09:46:23,197 [INFO] PluginManage:310 - Check plugin pinoutandconfiguration
2025-08-22 09:46:23,207 [INFO] PluginManage:359 - Loaded plugin pinoutandconfiguration (category:base,tabindex:1)
2025-08-22 09:46:23,207 [INFO] PluginManage:310 - Check plugin pinoutconfig
2025-08-22 09:46:23,307 [WARN] SupportedApi:132 - Cannot load RTOS API schema: s4s-elt-must-match.1: The content of 'definitions' must match (annotation?, (simpleType | complexType)?, (unique | key | keyref)*)). A problem was found starting at: attribute.
2025-08-22 09:46:23,464 [INFO] PluginManage:359 - Loaded plugin pinoutconfig (category:base,tabindex:0)
2025-08-22 09:46:23,465 [INFO] PluginManage:310 - Check plugin power
2025-08-22 09:46:23,475 [INFO] PluginManage:359 - Loaded plugin power (category:power,tabindex:4)
2025-08-22 09:46:23,475 [INFO] PluginManage:310 - Check plugin projectmanager
2025-08-22 09:46:23,491 [INFO] PluginManage:359 - Loaded plugin projectmanager (category:projectmanager,tabindex:4)
2025-08-22 09:46:23,491 [INFO] PluginManage:310 - Check plugin rif
2025-08-22 09:46:23,501 [INFO] PluginManage:359 - Loaded plugin rif (category:base,tabindex:3)
2025-08-22 09:46:23,501 [INFO] PluginManage:310 - Check plugin thirdparty
2025-08-22 09:46:23,642 [INFO] PluginManage:359 - Loaded plugin thirdparty (category:base,tabindex:-1)
2025-08-22 09:46:23,642 [WARN] IntegrityCheckThread:84 - waiting for thirdparty lock release [integrity check]
2025-08-22 09:46:23,642 [INFO] PluginManage:310 - Check plugin tools
2025-08-22 09:46:23,643 [INFO] IntegrityCheckThread:86 - entering critical section [integrity check]
2025-08-22 09:46:23,643 [INFO] ThirdPartyUpdaterWithRetryManager:70 - Updater plugin not ready yet. [1/15]
2025-08-22 09:46:23,645 [INFO] PluginManage:359 - Loaded plugin tools (category:base,tabindex:7)
2025-08-22 09:46:23,645 [INFO] PluginManage:310 - Check plugin tutovideos
2025-08-22 09:46:23,840 [INFO] PluginManage:359 - Loaded plugin tutovideos (category:base,tabindex:-1)
2025-08-22 09:46:23,841 [INFO] PluginManage:310 - Check plugin updater
2025-08-22 09:46:23,860 [INFO] PluginManage:359 - Loaded plugin updater (category:base,tabindex:12)
2025-08-22 09:46:23,860 [INFO] PluginManage:310 - Check plugin userauth
2025-08-22 09:46:23,863 [INFO] UserAuth:118 - Init User Auth plugin
2025-08-22 09:46:23,864 [INFO] PluginManage:359 - Loaded plugin userauth (category:base,tabindex:14)
2025-08-22 09:46:23,864 [INFO] PluginManage:283 - PluginManage : Loaded plugins [18]
2025-08-22 09:46:24,061 [INFO] PinOutPanel:1589 - setPackage(No Configuration,No Configuration)
2025-08-22 09:46:24,148 [INFO] CADModel:165 - CPN selected for project level
2025-08-22 09:46:24,148 [INFO] CADModel:114 - Register for checkConnection events
2025-08-22 09:46:24,169 [INFO] IPUIPlugin:80 - create IPUIPlugin
2025-08-22 09:46:24,169 [INFO] PluginManager:220 - loadIPPluginJar : add adc
2025-08-22 09:46:24,173 [INFO] IPUIPlugin:80 - create IPUIPlugin
2025-08-22 09:46:24,173 [INFO] PluginManager:220 - loadIPPluginJar : add aes
2025-08-22 09:46:24,175 [INFO] IPUIPlugin:80 - create IPUIPlugin
2025-08-22 09:46:24,175 [INFO] PluginManager:220 - loadIPPluginJar : add can
2025-08-22 09:46:24,177 [INFO] IPUIPlugin:80 - create IPUIPlugin
2025-08-22 09:46:24,177 [INFO] PluginManager:220 - loadIPPluginJar : add comp
2025-08-22 09:46:24,179 [INFO] IPUIPlugin:80 - create IPUIPlugin
2025-08-22 09:46:24,179 [INFO] PluginManager:220 - loadIPPluginJar : add cryp
2025-08-22 09:46:24,182 [INFO] IPUIPlugin:80 - create IPUIPlugin
2025-08-22 09:46:24,183 [INFO] PluginManager:220 - loadIPPluginJar : add ddr_ctrl_phy
2025-08-22 09:46:24,185 [INFO] IPUIPlugin:80 - create IPUIPlugin
2025-08-22 09:46:24,185 [INFO] PluginManager:220 - loadIPPluginJar : add dfsdm
2025-08-22 09:46:24,189 [INFO] IPUIPlugin:80 - create IPUIPlugin
2025-08-22 09:46:24,190 [INFO] PluginManager:220 - loadIPPluginJar : add dma
2025-08-22 09:46:24,192 [INFO] IPUIPlugin:80 - create IPUIPlugin
2025-08-22 09:46:24,192 [INFO] PluginManager:220 - loadIPPluginJar : add dma3
2025-08-22 09:46:24,195 [INFO] IPUIPlugin:80 - create IPUIPlugin
2025-08-22 09:46:24,195 [INFO] PluginManager:220 - loadIPPluginJar : add extmemmanager
2025-08-22 09:46:24,196 [INFO] IPUIPlugin:80 - create IPUIPlugin
2025-08-22 09:46:24,196 [INFO] PluginManager:220 - loadIPPluginJar : add fatfs
2025-08-22 09:46:24,200 [INFO] IPUIPlugin:80 - create IPUIPlugin
2025-08-22 09:46:24,200 [INFO] PluginManager:220 - loadIPPluginJar : add fmc
2025-08-22 09:46:24,205 [INFO] IPUIPlugin:80 - create IPUIPlugin
2025-08-22 09:46:24,205 [INFO] PluginManager:220 - loadIPPluginJar : add freertos
2025-08-22 09:46:24,207 [INFO] IPUIPlugin:80 - create IPUIPlugin
2025-08-22 09:46:24,207 [INFO] PluginManager:220 - loadIPPluginJar : add genericplugin
2025-08-22 09:46:24,209 [INFO] IPUIPlugin:80 - create IPUIPlugin
2025-08-22 09:46:24,209 [INFO] PluginManager:220 - loadIPPluginJar : add gfxmmu
2025-08-22 09:46:24,214 [INFO] IPUIPlugin:80 - create IPUIPlugin
2025-08-22 09:46:24,215 [INFO] PluginManager:220 - loadIPPluginJar : add gic
2025-08-22 09:46:24,218 [INFO] IPUIPlugin:80 - create IPUIPlugin
2025-08-22 09:46:24,218 [INFO] PluginManager:220 - loadIPPluginJar : add gpio
2025-08-22 09:46:24,221 [INFO] IPUIPlugin:80 - create IPUIPlugin
2025-08-22 09:46:24,221 [INFO] PluginManager:220 - loadIPPluginJar : add gtzc
2025-08-22 09:46:24,224 [INFO] IPUIPlugin:80 - create IPUIPlugin
2025-08-22 09:46:24,224 [INFO] PluginManager:220 - loadIPPluginJar : add hash
2025-08-22 09:46:24,226 [INFO] IPUIPlugin:80 - create IPUIPlugin
2025-08-22 09:46:24,226 [INFO] PluginManager:220 - loadIPPluginJar : add i2c
2025-08-22 09:46:24,229 [INFO] IPUIPlugin:80 - create IPUIPlugin
2025-08-22 09:46:24,229 [INFO] PluginManager:220 - loadIPPluginJar : add i2s
2025-08-22 09:46:24,232 [INFO] IPUIPlugin:80 - create IPUIPlugin
2025-08-22 09:46:24,233 [INFO] PluginManager:220 - loadIPPluginJar : add i3c
2025-08-22 09:46:24,236 [INFO] IPUIPlugin:80 - create IPUIPlugin
2025-08-22 09:46:24,236 [INFO] PluginManager:220 - loadIPPluginJar : add ipddr
2025-08-22 09:46:24,242 [INFO] IPUIPlugin:80 - create IPUIPlugin
2025-08-22 09:46:24,243 [INFO] PluginManager:220 - loadIPPluginJar : add linkedlist
2025-08-22 09:46:24,247 [INFO] IPUIPlugin:80 - create IPUIPlugin
2025-08-22 09:46:24,247 [INFO] PluginManager:220 - loadIPPluginJar : add lorawan
2025-08-22 09:46:24,248 [INFO] IPUIPlugin:80 - create IPUIPlugin
2025-08-22 09:46:24,249 [INFO] PluginManager:220 - loadIPPluginJar : add ltdc
2025-08-22 09:46:24,254 [INFO] IPUIPlugin:80 - create IPUIPlugin
2025-08-22 09:46:24,254 [INFO] PluginManager:220 - loadIPPluginJar : add mdma
2025-08-22 09:46:24,257 [INFO] IPUIPlugin:80 - create IPUIPlugin
2025-08-22 09:46:24,257 [INFO] PluginManager:220 - loadIPPluginJar : add nvic
2025-08-22 09:46:24,260 [INFO] IPUIPlugin:80 - create IPUIPlugin
2025-08-22 09:46:24,260 [INFO] PluginManager:220 - loadIPPluginJar : add opamp
2025-08-22 09:46:24,263 [INFO] IPUIPlugin:80 - create IPUIPlugin
2025-08-22 09:46:24,263 [INFO] PluginManager:220 - loadIPPluginJar : add openamp
2025-08-22 09:46:24,266 [INFO] IPUIPlugin:80 - create IPUIPlugin
2025-08-22 09:46:24,266 [INFO] PluginManager:220 - loadIPPluginJar : add pdm2pcm
2025-08-22 09:46:24,272 [INFO] IPUIPlugin:80 - create IPUIPlugin
2025-08-22 09:46:24,275 [INFO] PluginManager:220 - loadIPPluginJar : add plateformsettings
2025-08-22 09:46:24,277 [INFO] IPUIPlugin:80 - create IPUIPlugin
2025-08-22 09:46:24,277 [INFO] PluginManager:220 - loadIPPluginJar : add quadspi
2025-08-22 09:46:24,279 [INFO] IPUIPlugin:80 - create IPUIPlugin
2025-08-22 09:46:24,280 [INFO] PluginManager:220 - loadIPPluginJar : add radio
2025-08-22 09:46:24,283 [INFO] IPUIPlugin:80 - create IPUIPlugin
2025-08-22 09:46:24,283 [INFO] PluginManager:220 - loadIPPluginJar : add resmgrutility
2025-08-22 09:46:24,287 [INFO] IPUIPlugin:80 - create IPUIPlugin
2025-08-22 09:46:24,287 [INFO] PluginManager:220 - loadIPPluginJar : add sai
2025-08-22 09:46:24,289 [INFO] IPUIPlugin:80 - create IPUIPlugin
2025-08-22 09:46:24,289 [INFO] PluginManager:220 - loadIPPluginJar : add spi
2025-08-22 09:46:24,295 [INFO] IPUIPlugin:80 - create IPUIPlugin
2025-08-22 09:46:24,295 [INFO] PluginManager:220 - loadIPPluginJar : add stm32_wpan
2025-08-22 09:46:24,297 [INFO] IPUIPlugin:80 - create IPUIPlugin
2025-08-22 09:46:24,297 [INFO] PluginManager:220 - loadIPPluginJar : add tim
2025-08-22 09:46:24,300 [INFO] IPUIPlugin:80 - create IPUIPlugin
2025-08-22 09:46:24,300 [INFO] PluginManager:220 - loadIPPluginJar : add touchsensing
2025-08-22 09:46:24,302 [INFO] IPUIPlugin:80 - create IPUIPlugin
2025-08-22 09:46:24,302 [INFO] PluginManager:220 - loadIPPluginJar : add tracer_emb
2025-08-22 09:46:24,304 [INFO] IPUIPlugin:80 - create IPUIPlugin
2025-08-22 09:46:24,304 [INFO] PluginManager:220 - loadIPPluginJar : add ts
2025-08-22 09:46:24,306 [INFO] IPUIPlugin:80 - create IPUIPlugin
2025-08-22 09:46:24,307 [INFO] PluginManager:220 - loadIPPluginJar : add tsc
2025-08-22 09:46:24,309 [INFO] IPUIPlugin:80 - create IPUIPlugin
2025-08-22 09:46:24,309 [INFO] PluginManager:220 - loadIPPluginJar : add ucpd
2025-08-22 09:46:24,311 [INFO] IPUIPlugin:80 - create IPUIPlugin
2025-08-22 09:46:24,311 [INFO] PluginManager:220 - loadIPPluginJar : add usart
2025-08-22 09:46:24,315 [INFO] IPUIPlugin:80 - create IPUIPlugin
2025-08-22 09:46:24,315 [INFO] PluginManager:220 - loadIPPluginJar : add usbx
2025-08-22 09:46:24,441 [FATAL] Updater:351 - Updater called before beeing initialized
2025-08-22 09:46:24,467 [INFO] RulesReader:64 - Compatibility file has been processed (317 Rules)
2025-08-22 09:46:24,476 [INFO] RulesReader:64 - Compatibility file has been processed (317 Rules)
2025-08-22 09:46:24,485 [INFO] CADModel:165 - CPN selected for project level
2025-08-22 09:46:24,485 [INFO] CADModel:114 - Register for checkConnection events
2025-08-22 09:46:24,485 [FATAL] Updater:351 - Updater called before beeing initialized
2025-08-22 09:46:24,485 [ERROR] CADModel:125 - Updater not yet initialized, retry later 
2025-08-22 09:46:24,619 [FATAL] Updater:351 - Updater called before beeing initialized
2025-08-22 09:46:24,622 [INFO] CADModel:165 - CPN selected for project level
2025-08-22 09:46:24,622 [INFO] CADModel:114 - Register for checkConnection events
2025-08-22 09:46:24,622 [FATAL] Updater:351 - Updater called before beeing initialized
2025-08-22 09:46:24,622 [ERROR] CADModel:125 - Updater not yet initialized, retry later 
2025-08-22 09:46:24,626 [FATAL] Updater:351 - Updater called before beeing initialized
2025-08-22 09:46:24,770 [FATAL] Updater:351 - Updater called before beeing initialized
2025-08-22 09:46:24,774 [INFO] DbMcusAds:53 - JSON generation date=Tue Jul 08 16:14:23 CST 2025 (1751962463582)
2025-08-22 09:46:24,774 [FATAL] Updater:351 - Updater called before beeing initialized
2025-08-22 09:46:25,843 [WARN] DetailPanel:346 - Failed to get advertising image, set to default
2025-08-22 09:46:25,969 [FATAL] Updater:351 - Updater called before beeing initialized
2025-08-22 09:46:25,971 [FATAL] Updater:351 - Updater called before beeing initialized
2025-08-22 09:46:25,971 [FATAL] Updater:351 - Updater called before beeing initialized
2025-08-22 09:46:25,971 [WARN] DetailPanel:346 - Failed to get advertising image, set to default
2025-08-22 09:46:25,972 [FATAL] Updater:351 - Updater called before beeing initialized
2025-08-22 09:46:26,033 [ERROR] Updater:1198 - MainUpdater not yet initialized. External WinMGr cannot be set.
2025-08-22 09:46:26,037 [INFO] Updater:1134 - Updater Version found : 6.15.0
2025-08-22 09:46:26,059 [INFO] ApplicationProperties:184 - Using Application install path: E:\CUBIDE\STM32CubeIDE_1.19.0\STM32CubeIDE\plugins\com.st.stm32cube.common.mx_6.15.0.202507011659
2025-08-22 09:46:26,493 [INFO] MainUpdater:2872 - connection check result : 10
2025-08-22 09:46:26,494 [INFO] MainUpdater:3604 - Updater definition file requires update
2025-08-22 09:46:26,495 [INFO] MainUpdater:289 - Updater Check For Update Now.
2025-08-22 09:46:26,495 [INFO] MicroXplorer:498 - Change Database Version : DB.6.0.150
2025-08-22 09:46:26,501 [INFO] McuFinderGlobals:63 - Set McuFinder mode to 2 (CubeIDE integrated)
2025-08-22 09:46:26,502 [INFO] UserAuth:487 - Internet connection configuration mode: 1
2025-08-22 09:46:26,520 [INFO] JxBrowserEngine:152 - Initiate JxBrowser Engine with user profile folder
2025-08-22 09:46:26,651 [WARN] MainUpdater:1193 - Updater busy. Cannot search thirdparties
2025-08-22 09:46:26,651 [INFO] ThirdPartyUpdaterWithRetryManager:96 - Updater plugin is busy. [1/15]
2025-08-22 09:46:26,715 [INFO] ServerAccessManage:452 - Complete download http(s) 200
2025-08-22 09:46:26,717 [INFO] ServerAccessManage:509 - Download File updaters.zip
2025-08-22 09:46:26,840 [INFO] FileExtend:248 - Unzip File : updaters.zip
2025-08-22 09:46:26,840 [INFO] FileExtend:263 - Standard Zip Deflate
2025-08-22 09:46:27,304 [ERROR] ExternalUserPreferencesManager:606 - Error while get path from external application: Cannot invoke "com.st.stm32cube.common.mx.MxActivator.getBundle()" because the return value of "com.st.stm32cube.common.mx.MxActivator.getDefault()" is null
2025-08-22 09:46:27,304 [ERROR] ExternalUserPreferencesManager:336 - Error while get preference info from external application: Cannot invoke "com.st.stm32cube.common.mx.MxActivator.getBundle()" because the return value of "com.st.stm32cube.common.mx.MxActivator.getDefault()" is null
2025-08-22 09:46:27,305 [ERROR] ExternalUserPreferencesManager:560 - Error while get preference info from external application: Cannot invoke "com.st.stm32cube.common.mx.MxActivator.getBundle()" because the return value of "com.st.stm32cube.common.mx.MxActivator.getDefault()" is null
2025-08-22 09:46:27,325 [INFO] ServerAccessManage:452 - Complete download http(s) 200
2025-08-22 09:46:27,325 [INFO] ServerAccessManage:509 - Download File PacksControlFlags.xml
2025-08-22 09:46:27,367 [ERROR] LogOutputStream:75 - [STDERR_REDIRECT] 
